<?xml version="1.0" encoding="UTF-8"?>
<!-- Generated by org.testng.reporters.JUnitReportReporter -->
<testsuite hostname="DESKTOP-MNCF89K" failures="0" tests="6" name="helperAttributes.dataproviderfromexcel" time="80.322" errors="0" timestamp="2025-07-14T07:57:26 IST" skipped="0">
  <testcase classname="helperAttributes.dataproviderfromexcel" name="login" time="9.801"/>
  <testcase classname="helperAttributes.dataproviderfromexcel" name="login" time="9.979"/>
  <testcase classname="helperAttributes.dataproviderfromexcel" name="login" time="10.597"/>
  <testcase classname="helperAttributes.dataproviderfromexcel" name="login" time="10.855"/>
  <testcase classname="helperAttributes.dataproviderfromexcel" name="login" time="29.139"/>
  <testcase classname="helperAttributes.dataproviderfromexcel" name="login" time="9.951"/>
</testsuite> <!-- helperAttributes.dataproviderfromexcel -->
