<?xml version="1.0" encoding="UTF-8"?>
<!-- Generated by org.testng.reporters.JUnitReportReporter -->
<testsuite hostname="DESKTOP-MNCF89K" failures="0" tests="3" name="helperAttributes.dependsOnMethod" time="0.049" errors="0" timestamp="2025-07-12T08:17:29 IST" skipped="0">
  <testcase classname="helperAttributes.dependsOnMethod" name="creatAcc" time="0.037">
    <system-out>
      <![CDATA[created]]>
    </system-out>
  </testcase> <!-- creatAcc -->
  <testcase classname="helperAttributes.dependsOnMethod" name="deleteAcc" time="0.005">
    <system-out>
      <![CDATA[deleted]]>
    </system-out>
  </testcase> <!-- deleteAcc -->
  <testcase classname="helperAttributes.dependsOnMethod" name="editAcc" time="0.007">
    <system-out>
      <![CDATA[edited]]>
    </system-out>
  </testcase> <!-- editAcc -->
  <system-out>
    <![CDATA[created
edited
deleted]]>
  </system-out>
</testsuite> <!-- helperAttributes.dependsOnMethod -->
