<?xml version="1.0" encoding="UTF-8"?>
<!-- Generated by org.testng.reporters.JUnitReportReporter -->
<testsuite hostname="DESKTOP-MNCF89K" failures="0" tests="1" name="testcase.selectProduct" time="14.488" errors="0" timestamp="2025-07-21T08:05:09 IST" skipped="0">
  <testcase classname="testcase.selectProduct" name="AddProduct" time="14.488"/>
  <system-out>
    <![CDATA[DB Connectivity open]]>
  </system-out>
</testsuite> <!-- testcase.selectProduct -->
