<?xml version="1.0" encoding="UTF-8"?>
<!-- Generated by org.testng.reporters.JUnitReportReporter -->
<testsuite hostname="DESKTOP-MNCF89K" failures="0" tests="3" name="helperAttributes.priority" time="0.053" errors="0" timestamp="2025-07-24T17:36:06 IST" skipped="0">
  <testcase classname="helperAttributes.priority" name="bookmyshow" time="0.027">
    <system-out>
      <![CDATA[bookmyshow executed]]>
    </system-out>
  </testcase> <!-- bookmyshow -->
  <testcase classname="helperAttributes.priority" name="flipkart" time="0.012">
    <system-out>
      <![CDATA[flipkart executed]]>
    </system-out>
  </testcase> <!-- flipkart -->
  <testcase classname="helperAttributes.priority" name="amazon" time="0.014">
    <system-out>
      <![CDATA[amazon executed]]>
    </system-out>
  </testcase> <!-- amazon -->
  <system-out>
    <![CDATA[bookmyshow executed
flipkart executed
amazon executed]]>
  </system-out>
</testsuite> <!-- helperAttributes.priority -->
