<?xml version="1.0" encoding="UTF-8"?>
<!-- Generated by org.testng.reporters.JUnitReportReporter -->
<testsuite hostname="DESKTOP-MNCF89K" failures="0" tests="6" name="helperAttributes.threadpollCount" time="85.325" errors="0" timestamp="2025-07-12T07:47:10 IST" skipped="0">
  <testcase classname="helperAttributes.threadpollCount" name="login" time="16.557">
    <system-out>
      <![CDATA[execution done]]>
    </system-out>
  </testcase> <!-- login -->
  <testcase classname="helperAttributes.threadpollCount" name="login" time="11.881">
    <system-out>
      <![CDATA[execution done]]>
    </system-out>
  </testcase> <!-- login -->
  <testcase classname="helperAttributes.threadpollCount" name="login" time="11.871">
    <system-out>
      <![CDATA[execution done]]>
    </system-out>
  </testcase> <!-- login -->
  <testcase classname="helperAttributes.threadpollCount" name="login" time="11.905">
    <system-out>
      <![CDATA[execution done]]>
    </system-out>
  </testcase> <!-- login -->
  <testcase classname="helperAttributes.threadpollCount" name="login" time="16.555">
    <system-out>
      <![CDATA[execution done]]>
    </system-out>
  </testcase> <!-- login -->
  <testcase classname="helperAttributes.threadpollCount" name="login" time="16.556">
    <system-out>
      <![CDATA[execution done]]>
    </system-out>
  </testcase> <!-- login -->
  <system-out>
    <![CDATA[execution done
execution done
execution done
execution done
execution done
execution done]]>
  </system-out>
</testsuite> <!-- helperAttributes.threadpollCount -->
