<?xml version="1.0" encoding="UTF-8"?>
<!-- Generated by org.testng.reporters.JUnitReportReporter -->
<testsuite hostname="DESKTOP-MNCF89K" failures="0" tests="3" name="helperAttributes.enabled" time="0.057" errors="0" timestamp="2025-07-12T08:00:51 IST" skipped="1">
  <testcase classname="helperAttributes.enabled" name="a10" time="0.047">
    <system-out>
      <![CDATA[execution done]]>
    </system-out>
  </testcase> <!-- a10 -->
  <testcase classname="helperAttributes.enabled" name="a12" time="0.010">
    <system-out>
      <![CDATA[execution done]]>
    </system-out>
  </testcase> <!-- a12 -->
  <testcase classname="helperAttributes.enabled" name="a11">
    <skipped/>
  </testcase> <!-- a11 -->
  <system-out>
    <![CDATA[execution done
execution done]]>
  </system-out>
</testsuite> <!-- helperAttributes.enabled -->
