<?xml version="1.0" encoding="UTF-8"?>
<!-- Generated by org.testng.reporters.JUnitReportReporter -->
<testsuite hostname="DESKTOP-MNCF89K" failures="0" tests="1" name="testcase.practice" time="0.033" errors="0" timestamp="2025-07-14T08:48:35 IST" skipped="0">
  <testcase classname="testcase.practice" name="Tc001" time="0.033">
    <system-out>
      <![CDATA[Testcase done]]>
    </system-out>
  </testcase> <!-- Tc001 -->
  <system-out>
    <![CDATA[DB Connectivity open
pre condidtion
launching browser
kogin
Testcase done
logout
closing browser
post condtion
DB Connectivity close]]>
  </system-out>
</testsuite> <!-- testcase.practice -->
