<?xml version="1.0" encoding="UTF-8"?>
<!-- Generated by org.testng.reporters.JUnitReportReporter -->
<testsuite hostname="DESKTOP-MNCF89K" failures="0" tests="3" name="helperAttributes.dataProviderDemo" time="0.052" errors="0" timestamp="2025-07-12T08:58:35 IST" skipped="0">
  <testcase classname="helperAttributes.dataProviderDemo" name="login" time="0.037"/>
  <testcase classname="helperAttributes.dataProviderDemo" name="login" time="0.006"/>
  <testcase classname="helperAttributes.dataProviderDemo" name="login" time="0.009"/>
</testsuite> <!-- helperAttributes.dataProviderDemo -->
