<?xml version="1.0" encoding="UTF-8"?>
<!-- Generated by org.testng.reporters.JUnitReportReporter -->
<testsuite hostname="DESKTOP-MNCF89K" failures="0" tests="3" name="helperAttributes.invocationCount" time="32.042" errors="0" timestamp="2025-07-12T07:40:23 IST" skipped="0">
  <testcase classname="helperAttributes.invocationCount" name="login" time="16.174">
    <system-out>
      <![CDATA[execution done]]>
    </system-out>
  </testcase> <!-- login -->
  <testcase classname="helperAttributes.invocationCount" name="login" time="8.596">
    <system-out>
      <![CDATA[execution done]]>
    </system-out>
  </testcase> <!-- login -->
  <testcase classname="helperAttributes.invocationCount" name="login" time="7.272">
    <system-out>
      <![CDATA[execution done]]>
    </system-out>
  </testcase> <!-- login -->
  <system-out>
    <![CDATA[execution done
execution done
execution done]]>
  </system-out>
</testsuite> <!-- helperAttributes.invocationCount -->
